-------------------------------------------------------------------------------
Test set: net.javaguides.springboot.SpringbootThymeleafCrudWebAppApplicationTests
-------------------------------------------------------------------------------
Tests run: 1, Failures: 0, Errors: 1, Skipped: 0, Time elapsed: 0.64 s <<< FAILURE! - in net.javaguides.springboot.SpringbootThymeleafCrudWebAppApplicationTests
net.javaguides.springboot.SpringbootThymeleafCrudWebAppApplicationTests  Time elapsed: 0.638 s  <<< ERROR!
java.lang.IllegalStateException: Unable to find a @SpringBootConfiguration, you need to use @ContextConfiguration or @SpringBootTest(classes=...) with your test

